2025-04-08 17:50:39.850853 - Received CBT.V508.FILE019.PDS from FILE019.XMI 
2025-04-08 17:50:39.871103 - Found $$$#DATE.txt (text/plain) in CBT.V508.FILE019.PDS, moved to PDS/$$$#DATE
2025-04-08 17:50:39.871809 - Found $$CHANGE.txt (text/plain) in CBT.V508.FILE019.PDS, moved to PDS/$$CHANGE
2025-04-08 17:50:39.872499 - Found $$DOC.txt (text/plain) in CBT.V508.FILE019.PDS, moved to PDS/$$DOC
2025-04-08 17:50:39.879687 - Found $$NOTE1.txt (text/plain) in CBT.V508.FILE019.PDS, moved to PDS/$$NOTE1
2025-04-08 17:50:39.880369 - Found $$NOTE2.txt (text/plain) in CBT.V508.FILE019.PDS, moved to PDS/$$NOTE2
2025-04-08 17:50:39.880947 - Found $$NOTE3.txt (text/plain) in CBT.V508.FILE019.PDS, moved to PDS/$$NOTE3
2025-04-08 17:50:39.881543 - Found $$NOTE4.txt (text/plain) in CBT.V508.FILE019.PDS, moved to PDS/$$NOTE4
2025-04-08 17:50:39.882096 - Found $$NOTE5.txt (text/plain) in CBT.V508.FILE019.PDS, moved to PDS/$$NOTE5
2025-04-08 17:50:39.882749 - Found $$NOTE6.txt (text/plain) in CBT.V508.FILE019.PDS, moved to PDS/$$NOTE6
2025-04-08 17:50:39.883342 - Found $BLKSCAN.txt (text/plain) in CBT.V508.FILE019.PDS, moved to PDS/$BLKSCAN
2025-04-08 17:50:39.883933 - Found $CHECKPV.txt (text/plain) in CBT.V508.FILE019.PDS, moved to PDS/$CHECKPV
2025-04-08 17:50:39.884570 - Found $COMMAND.txt (text/plain) in CBT.V508.FILE019.PDS, moved to PDS/$COMMAND
2025-04-08 17:50:39.885124 - Found $CONSOLE.txt (text/plain) in CBT.V508.FILE019.PDS, moved to PDS/$CONSOLE
2025-04-08 17:50:39.885693 - Found $FLCACHE.txt (text/plain) in CBT.V508.FILE019.PDS, moved to PDS/$FLCACHE
2025-04-08 17:50:39.886361 - Found $FLSMFCT.txt (text/plain) in CBT.V508.FILE019.PDS, moved to PDS/$FLSMFCT
2025-04-08 17:50:39.887015 - Found $FLSMFDS.txt (text/plain) in CBT.V508.FILE019.PDS, moved to PDS/$FLSMFDS
2025-04-08 17:50:39.887750 - Found $FLSMFJB.txt (text/plain) in CBT.V508.FILE019.PDS, moved to PDS/$FLSMFJB
2025-04-08 17:50:39.888401 - Found $FLSMFSR.txt (text/plain) in CBT.V508.FILE019.PDS, moved to PDS/$FLSMFSR
2025-04-08 17:50:39.888966 - Found $FLVOLLS.txt (text/plain) in CBT.V508.FILE019.PDS, moved to PDS/$FLVOLLS
2025-04-08 17:50:39.889527 - Found $JES$LF.txt (text/plain) in CBT.V508.FILE019.PDS, moved to PDS/$JES$LF
2025-04-08 17:50:39.890107 - Found $LISTF.txt (text/plain) in CBT.V508.FILE019.PDS, moved to PDS/$LISTF
2025-04-08 17:50:39.890741 - Found $MODLOOK.txt (text/plain) in CBT.V508.FILE019.PDS, moved to PDS/$MODLOOK
2025-04-08 17:50:39.891377 - Found $PAGEFIX.txt (text/plain) in CBT.V508.FILE019.PDS, moved to PDS/$PAGEFIX
2025-04-08 17:50:39.891940 - Found $SMAP.txt (text/plain) in CBT.V508.FILE019.PDS, moved to PDS/$SMAP
2025-04-08 17:50:39.892531 - Found @BLKSCAN.jcl (text/plain) in CBT.V508.FILE019.PDS, moved to PDS/@BLKSCAN
2025-04-08 17:50:39.893096 - Found @CHECKPV.txt (text/plain) in CBT.V508.FILE019.PDS, moved to PDS/@CHECKPV
2025-04-08 17:50:39.893675 - Found @COMMAND.txt (text/plain) in CBT.V508.FILE019.PDS, moved to PDS/@COMMAND
2025-04-08 17:50:39.894328 - Found @FILE019.txt (text/plain) in CBT.V508.FILE019.PDS, moved to PDS/@FILE019
2025-04-08 17:50:39.894922 - Found @FLCACHE.jcl (text/plain) in CBT.V508.FILE019.PDS, moved to PDS/@FLCACHE
2025-04-08 17:50:39.895508 - Found @FLSMFCT.jcl (text/plain) in CBT.V508.FILE019.PDS, moved to PDS/@FLSMFCT
2025-04-08 17:50:39.896104 - Found @FLSMFDS.jcl (text/plain) in CBT.V508.FILE019.PDS, moved to PDS/@FLSMFDS
2025-04-08 17:50:39.896745 - Found @FLSMFJB.jcl (text/plain) in CBT.V508.FILE019.PDS, moved to PDS/@FLSMFJB
2025-04-08 17:50:39.897337 - Found @FLSMFSR.jcl (text/plain) in CBT.V508.FILE019.PDS, moved to PDS/@FLSMFSR
2025-04-08 17:50:39.897961 - Found @FLVOLLS.jcl (text/plain) in CBT.V508.FILE019.PDS, moved to PDS/@FLVOLLS
2025-04-08 17:50:39.898493 - Found @MODLOOK.jcl (text/plain) in CBT.V508.FILE019.PDS, moved to PDS/@MODLOOK
2025-04-08 17:50:39.899077 - Found @PAGEFIX.jcl (text/plain) in CBT.V508.FILE019.PDS, moved to PDS/@PAGEFIX
2025-04-08 17:50:39.899620 - Found @SMAP.jcl (text/plain) in CBT.V508.FILE019.PDS, moved to PDS/@SMAP
2025-04-08 17:50:39.900207 - Found BLKSCAN.txt (text/plain) in CBT.V508.FILE019.PDS, moved to PDS/BLKSCAN
2025-04-08 17:50:39.900808 - Found CHECKPVT.txt (text/plain) in CBT.V508.FILE019.PDS, moved to PDS/CHECKPVT
2025-04-08 17:50:39.901552 - Found COMMAND.txt (text/plain) in CBT.V508.FILE019.PDS, moved to PDS/COMMAND
2025-04-08 17:50:39.902209 - Found COMMSAMP.txt (text/plain) in CBT.V508.FILE019.PDS, moved to PDS/COMMSAMP
2025-04-08 17:50:39.902878 - Found CONSOLE.txt (text/plain) in CBT.V508.FILE019.PDS, moved to PDS/CONSOLE
2025-04-08 17:50:39.903571 - Found FLCACHE.txt (text/plain) in CBT.V508.FILE019.PDS, moved to PDS/FLCACHE
2025-04-08 17:50:39.904607 - Found FLSMFCAT.txt (text/plain) in CBT.V508.FILE019.PDS, moved to PDS/FLSMFCAT
2025-04-08 17:50:39.905544 - Found FLSMFDSN.txt (text/plain) in CBT.V508.FILE019.PDS, moved to PDS/FLSMFDSN
2025-04-08 17:50:39.906506 - Found FLSMFDSZ.txt (text/plain) in CBT.V508.FILE019.PDS, moved to PDS/FLSMFDSZ
2025-04-08 17:50:39.907600 - Found FLSMFJOB.txt (text/plain) in CBT.V508.FILE019.PDS, moved to PDS/FLSMFJOB
2025-04-08 17:50:39.908578 - Found FLSMFJO1.txt (text/plain) in CBT.V508.FILE019.PDS, moved to PDS/FLSMFJO1
2025-04-08 17:50:39.909597 - Found FLSMFJO2.txt (text/plain) in CBT.V508.FILE019.PDS, moved to PDS/FLSMFJO2
2025-04-08 17:50:39.910314 - Found FLSMFSRT.txt (text/plain) in CBT.V508.FILE019.PDS, moved to PDS/FLSMFSRT
2025-04-08 17:50:39.910904 - Found FLVOLLST.txt (text/plain) in CBT.V508.FILE019.PDS, moved to PDS/FLVOLLST
2025-04-08 17:50:39.911612 - Found JES$LF.txt (text/plain) in CBT.V508.FILE019.PDS, moved to PDS/JES$LF
2025-04-08 17:50:39.912197 - Found LISTF$.jcl (text/plain) in CBT.V508.FILE019.PDS, moved to PDS/LISTF$
2025-04-08 17:50:39.912942 - Found LISTFSP.txt (text/plain) in CBT.V508.FILE019.PDS, moved to PDS/LISTFSP
2025-04-08 17:50:39.913629 - Found LISTF01.txt (text/plain) in CBT.V508.FILE019.PDS, moved to PDS/LISTF01
2025-04-08 17:50:39.914315 - Found LISTF02.txt (text/plain) in CBT.V508.FILE019.PDS, moved to PDS/LISTF02
2025-04-08 17:50:39.914889 - Found MODLOOK.txt (text/plain) in CBT.V508.FILE019.PDS, moved to PDS/MODLOOK
2025-04-08 17:50:39.915548 - Found PAGEFIX.txt (text/plain) in CBT.V508.FILE019.PDS, moved to PDS/PAGEFIX
2025-04-08 17:50:39.916160 - Found SMAP.txt (text/plain) in CBT.V508.FILE019.PDS, moved to PDS/SMAP
